This is pdfTeX, Version 3.14159265-2.6-1.40.16 (TeX Live 2015/Debian) (preloaded format=pdflatex 2017.8.28)  16 DEC 2017 00:33
entering extended mode
 restricted \write18 enabled.
 %&-line parsing enabled.
**report.tex
(./report.tex
LaTeX2e <2016/02/01>
Babel <3.9q> and hyphenation patterns for 3 language(s) loaded.
(/usr/share/texlive/texmf-dist/tex/latex/base/article.cls
Document Class: article 2014/09/29 v1.4h Standard LaTeX document class
(/usr/share/texlive/texmf-dist/tex/latex/base/size10.clo
File: size10.clo 2014/09/29 v1.4h Standard LaTeX file (size option)
)
\c@part=\count79
\c@section=\count80
\c@subsection=\count81
\c@subsubsection=\count82
\c@paragraph=\count83
\c@subparagraph=\count84
\c@figure=\count85
\c@table=\count86
\abovecaptionskip=\skip41
\belowcaptionskip=\skip42
\bibindent=\dimen102
)

! LaTeX Error: File `mhchem.sty' not found.

Type X to quit or <RETURN> to proceed,
or enter new name. (Default extension: sty)

Enter file name: 

! LaTeX Error: Unknown option `version=3' for package `mhchem'.

See the LaTeX manual or LaTeX Companion for explanation.
Type  H <return>  for immediate help.
 ...                                              
                                                  
l.25 \usepackage
                {siunitx} % Provides the \SI{}{} and \si{} command for types...

? 

! LaTeX Error: File `siunitx.sty' not found.

Type X to quit or <RETURN> to proceed,
or enter new name. (Default extension: sty)

Enter file name: 
(/usr/share/texlive/texmf-dist/tex/latex/graphics/graphicx.sty
Package: graphicx 2014/10/28 v1.0g Enhanced LaTeX Graphics (DPC,SPQR)

(/usr/share/texlive/texmf-dist/tex/latex/graphics/keyval.sty
Package: keyval 2014/10/28 v1.15 key=value parser (DPC)
\KV@toks@=\toks14
)
(/usr/share/texlive/texmf-dist/tex/latex/graphics/graphics.sty
Package: graphics 2016/01/03 v1.0q Standard LaTeX Graphics (DPC,SPQR)

(/usr/share/texlive/texmf-dist/tex/latex/graphics/trig.sty
Package: trig 2016/01/03 v1.10 sin cos tan (DPC)
)
(/usr/share/texlive/texmf-dist/tex/latex/latexconfig/graphics.cfg
File: graphics.cfg 2010/04/23 v1.9 graphics configuration of TeX Live
)
Package graphics Info: Driver file: pdftex.def on input line 95.

(/usr/share/texlive/texmf-dist/tex/latex/pdftex-def/pdftex.def
File: pdftex.def 2011/05/27 v0.06d Graphics/color for pdfTeX

(/usr/share/texlive/texmf-dist/tex/generic/oberdiek/infwarerr.sty
Package: infwarerr 2010/04/08 v1.3 Providing info/warning/error messages (HO)
)
(/usr/share/texlive/texmf-dist/tex/generic/oberdiek/ltxcmds.sty
Package: ltxcmds 2011/11/09 v1.22 LaTeX kernel commands for general use (HO)
)
\Gread@gobject=\count87
))
\Gin@req@height=\dimen103
\Gin@req@width=\dimen104
)
(/usr/share/texlive/texmf-dist/tex/latex/natbib/natbib.sty
Package: natbib 2010/09/13 8.31b (PWD, AO)
\bibhang=\skip43
\bibsep=\skip44
LaTeX Info: Redefining \cite on input line 694.
\c@NAT@ctr=\count88
)
(/usr/share/texlive/texmf-dist/tex/latex/amsmath/amsmath.sty
Package: amsmath 2016/03/03 v2.15a AMS math features
\@mathmargin=\skip45

For additional information on amsmath, use the `?' option.
(/usr/share/texlive/texmf-dist/tex/latex/amsmath/amstext.sty
Package: amstext 2000/06/29 v2.01 AMS text

(/usr/share/texlive/texmf-dist/tex/latex/amsmath/amsgen.sty
File: amsgen.sty 1999/11/30 v2.0 generic functions
\@emptytoks=\toks15
\ex@=\dimen105
))
(/usr/share/texlive/texmf-dist/tex/latex/amsmath/amsbsy.sty
Package: amsbsy 1999/11/29 v1.2d Bold Symbols
\pmbraise@=\dimen106
)
(/usr/share/texlive/texmf-dist/tex/latex/amsmath/amsopn.sty
Package: amsopn 1999/12/14 v2.01 operator names
)
\inf@bad=\count89
LaTeX Info: Redefining \frac on input line 199.
\uproot@=\count90
\leftroot@=\count91
LaTeX Info: Redefining \overline on input line 297.
\classnum@=\count92
\DOTSCASE@=\count93
LaTeX Info: Redefining \ldots on input line 394.
LaTeX Info: Redefining \dots on input line 397.
LaTeX Info: Redefining \cdots on input line 518.
\Mathstrutbox@=\box26
\strutbox@=\box27
\big@size=\dimen107
LaTeX Font Info:    Redeclaring font encoding OML on input line 630.
LaTeX Font Info:    Redeclaring font encoding OMS on input line 631.
\macc@depth=\count94
\c@MaxMatrixCols=\count95
\dotsspace@=\muskip10
\c@parentequation=\count96
\dspbrk@lvl=\count97
\tag@help=\toks16
\row@=\count98
\column@=\count99
\maxfields@=\count100
\andhelp@=\toks17
\eqnshift@=\dimen108
\alignsep@=\dimen109
\tagshift@=\dimen110
\tagwidth@=\dimen111
\totwidth@=\dimen112
\lineht@=\dimen113
\@envbody=\toks18
\multlinegap=\skip46
\multlinetaggap=\skip47
\mathdisplay@stack=\toks19
LaTeX Info: Redefining \[ on input line 2735.
LaTeX Info: Redefining \] on input line 2736.
) (./report.aux)
\openout1 = `report.aux'.

LaTeX Font Info:    Checking defaults for OML/cmm/m/it on input line 46.
LaTeX Font Info:    ... okay on input line 46.
LaTeX Font Info:    Checking defaults for T1/cmr/m/n on input line 46.
LaTeX Font Info:    ... okay on input line 46.
LaTeX Font Info:    Checking defaults for OT1/cmr/m/n on input line 46.
LaTeX Font Info:    ... okay on input line 46.
LaTeX Font Info:    Checking defaults for OMS/cmsy/m/n on input line 46.
LaTeX Font Info:    ... okay on input line 46.
LaTeX Font Info:    Checking defaults for OMX/cmex/m/n on input line 46.
LaTeX Font Info:    ... okay on input line 46.
LaTeX Font Info:    Checking defaults for U/cmr/m/n on input line 46.
LaTeX Font Info:    ... okay on input line 46.

(/usr/share/texlive/texmf-dist/tex/context/base/supp-pdf.mkii
[Loading MPS to PDF converter (version 2006.09.02).]
\scratchcounter=\count101
\scratchdimen=\dimen114
\scratchbox=\box28
\nofMPsegments=\count102
\nofMParguments=\count103
\everyMPshowfont=\toks20
\MPscratchCnt=\count104
\MPscratchDim=\dimen115
\MPnumerator=\count105
\makeMPintoPDFobject=\count106
\everyMPtoPDFconversion=\toks21
) (/usr/share/texlive/texmf-dist/tex/generic/oberdiek/pdftexcmds.sty
Package: pdftexcmds 2011/11/29 v0.20 Utility functions of pdfTeX for LuaTeX (HO
)

(/usr/share/texlive/texmf-dist/tex/generic/oberdiek/ifluatex.sty
Package: ifluatex 2010/03/01 v1.3 Provides the ifluatex switch (HO)
Package ifluatex Info: LuaTeX not detected.
)
(/usr/share/texlive/texmf-dist/tex/generic/oberdiek/ifpdf.sty
Package: ifpdf 2011/01/30 v2.3 Provides the ifpdf switch (HO)
Package ifpdf Info: pdfTeX in PDF mode is detected.
)
Package pdftexcmds Info: LuaTeX not detected.
Package pdftexcmds Info: \pdf@primitive is available.
Package pdftexcmds Info: \pdf@ifprimitive is available.
Package pdftexcmds Info: \pdfdraftmode found.
)
(/usr/share/texlive/texmf-dist/tex/latex/oberdiek/epstopdf-base.sty
Package: epstopdf-base 2010/02/09 v2.5 Base part for package epstopdf

(/usr/share/texlive/texmf-dist/tex/latex/oberdiek/grfext.sty
Package: grfext 2010/08/19 v1.1 Manage graphics extensions (HO)

(/usr/share/texlive/texmf-dist/tex/generic/oberdiek/kvdefinekeys.sty
Package: kvdefinekeys 2011/04/07 v1.3 Define keys (HO)
))
(/usr/share/texlive/texmf-dist/tex/latex/oberdiek/kvoptions.sty
Package: kvoptions 2011/06/30 v3.11 Key value format for package options (HO)

(/usr/share/texlive/texmf-dist/tex/generic/oberdiek/kvsetkeys.sty
Package: kvsetkeys 2012/04/25 v1.16 Key value parser (HO)

(/usr/share/texlive/texmf-dist/tex/generic/oberdiek/etexcmds.sty
Package: etexcmds 2011/02/16 v1.5 Avoid name clashes with e-TeX commands (HO)
Package etexcmds Info: Could not find \expanded.
(etexcmds)             That can mean that you are not using pdfTeX 1.50 or
(etexcmds)             that some package has redefined \expanded.
(etexcmds)             In the latter case, load this package earlier.
)))
Package grfext Info: Graphics extension search list:
(grfext)             [.png,.pdf,.jpg,.mps,.jpeg,.jbig2,.jb2,.PNG,.PDF,.JPG,.JPE
G,.JBIG2,.JB2,.eps]
(grfext)             \AppendGraphicsExtensions on input line 452.

(/usr/share/texlive/texmf-dist/tex/latex/latexconfig/epstopdf-sys.cfg
File: epstopdf-sys.cfg 2010/07/13 v1.3 Configuration of (r)epstopdf for TeX Liv
e
))

! LaTeX Error: Environment lstlisting undefined.

See the LaTeX manual or LaTeX Companion for explanation.
Type  H <return>  for immediate help.
 ...                                              
                                                  
l.96 		\begin{lstlisting}
                         
? 

! LaTeX Error: \begin{enumerate} on input line 90 ended by \end{lstlisting}.

See the LaTeX manual or LaTeX Companion for explanation.
Type  H <return>  for immediate help.
 ...                                              
                                                  
l.100 		\end{lstlisting}
                        
? 
! Undefined control sequence.
l.111 Mass of magnesium metal & = \SI
                                     {8.59}{\gram} - \SI{7.28}{\gram}\\
? 
! Undefined control sequence.
l.111 Mass of magnesium metal & = \SI{8.59}{\gram
                                                 } - \SI{7.28}{\gram}\\
? 
! Undefined control sequence.
l.111 ...agnesium metal & = \SI{8.59}{\gram} - \SI
                                                  {7.28}{\gram}\\
? 
! Undefined control sequence.
l.111 ...al & = \SI{8.59}{\gram} - \SI{7.28}{\gram
                                                  }\\
? 
! Undefined control sequence.
l.112 & = \SI
             {1.31}{\gram}\\
? 
! Undefined control sequence.
l.112 & = \SI{1.31}{\gram
                         }\\
? 
! Undefined control sequence.
l.113 Mass of magnesium oxide & = \SI
                                     {9.46}{\gram} - \SI{7.28}{\gram}\\
? 
! Undefined control sequence.
l.113 Mass of magnesium oxide & = \SI{9.46}{\gram
                                                 } - \SI{7.28}{\gram}\\
? 
! Undefined control sequence.
l.113 ...agnesium oxide & = \SI{9.46}{\gram} - \SI
                                                  {7.28}{\gram}\\
? 
! Undefined control sequence.
l.113 ...de & = \SI{9.46}{\gram} - \SI{7.28}{\gram
                                                  }\\
? 
! Undefined control sequence.
l.114 & = \SI
             {2.18}{\gram}\\
? 
! Undefined control sequence.
l.114 & = \SI{2.18}{\gram
                         }\\
? 
! Undefined control sequence.
l.115 Mass of oxygen & = \SI
                            {2.18}{\gram} - \SI{1.31}{\gram}\\
? 
! Undefined control sequence.
l.115 Mass of oxygen & = \SI{2.18}{\gram
                                        } - \SI{1.31}{\gram}\\
? 
! Undefined control sequence.
l.115 Mass of oxygen & = \SI{2.18}{\gram} - \SI
                                               {1.31}{\gram}\\
? 
! Undefined control sequence.
l.115 ...en & = \SI{2.18}{\gram} - \SI{1.31}{\gram
                                                  }\\
? 
! Undefined control sequence.
l.116 & = \SI
             {0.87}{\gram}
? 
! Undefined control sequence.
l.116 & = \SI{0.87}{\gram
                         }
? 
[1

{/var/lib/texmf/fonts/map/pdftex/updmap/pdftex.map}]
! Undefined control sequence.
l.119 ...io is the atomic weight of magnesium: \SI
                                                  {16.00}{\gram} of oxygen a...

? 
! Undefined control sequence.
l.119 ...mic weight of magnesium: \SI{16.00}{\gram
                                                  } of oxygen as experimenta...

? 
! Undefined control sequence.
l.119 ....31}=\frac{16}{0.87}$ from which, $M_{\ce
                                                  {Mg}} = 16.00 \times \frac...

? 
! Undefined control sequence.
l.119 ....00 \times \frac{1.31}{0.87} = 24.1 = \SI
                                                  {24}{\gram\per\mole}$ (to ...

? 
! Undefined control sequence.
l.119 ... \frac{1.31}{0.87} = 24.1 = \SI{24}{\gram
                                                  \per\mole}$ (to two signif...

? 
! Undefined control sequence.
l.119 ...ac{1.31}{0.87} = 24.1 = \SI{24}{\gram\per
                                                  \mole}$ (to two significan...

? 
! Undefined control sequence.
l.119 ...31}{0.87} = 24.1 = \SI{24}{\gram\per\mole
                                                  }$ (to two significant fig...

? 
! Undefined control sequence.
l.127 ...eight of magnesium is concluded to be \SI
                                                  {24}{\gram\per\mol}, as de...

? 
! Undefined control sequence.
l.127 ...agnesium is concluded to be \SI{24}{\gram
                                                  \per\mol}, as determined b...

? 
! Undefined control sequence.
l.127 ...sium is concluded to be \SI{24}{\gram\per
                                                  \mol}, as determined by th...

? 
! Undefined control sequence.
l.127 ... is concluded to be \SI{24}{\gram\per\mol
                                                  }, as determined by the st...

? 

! LaTeX Error: File `placeholder' not found.

See the LaTeX manual or LaTeX Companion for explanation.
Type  H <return>  for immediate help.
 ...                                              
                                                  
l.131 ...aphics[width=0.65\textwidth]{placeholder}
                                                   % Include the image place...

? 
! Undefined control sequence.
l.142 The accepted value (periodic table) is \SI
                                                {24.3}{\gram\per\mole} \cite...

? 
! Undefined control sequence.
l.142 ...value (periodic table) is \SI{24.3}{\gram
                                                  \per\mole} \cite{Smith:201...

? 
! Undefined control sequence.
l.142 ...e (periodic table) is \SI{24.3}{\gram\per
                                                  \mole} \cite{Smith:2012qr}...

? 
! Undefined control sequence.
l.142 ...riodic table) is \SI{24.3}{\gram\per\mole
                                                  } \cite{Smith:2012qr}. The...

? 

Package natbib Warning: Citation `Smith:2012qr' on page 2 undefined on input li
ne 142.

[2]
No file report.bbl.

Package natbib Warning: There were undefined citations.

[3] (./report.aux) ) 
Here is how much of TeX's memory you used:
 2457 strings out of 494953
 32196 string characters out of 6180977
 92955 words of memory out of 5000000
 5712 multiletter control sequences out of 15000+600000
 9363 words of font info for 34 fonts, out of 8000000 for 9000
 14 hyphenation exceptions out of 8191
 38i,6n,23p,621b,234s stack positions out of 5000i,500n,10000p,200000b,80000s
</usr/share/texlive/texmf-dist/fonts/type1/public/amsfonts/
cm/cmbx10.pfb></usr/share/texlive/texmf-dist/fonts/type1/public/amsfonts/cm/cmb
x12.pfb></usr/share/texlive/texmf-dist/fonts/type1/public/amsfonts/cm/cmcsc10.p
fb></usr/share/texlive/texmf-dist/fonts/type1/public/amsfonts/cm/cmmi10.pfb></u
sr/share/texlive/texmf-dist/fonts/type1/public/amsfonts/cm/cmmi7.pfb></usr/shar
e/texlive/texmf-dist/fonts/type1/public/amsfonts/cm/cmr10.pfb></usr/share/texli
ve/texmf-dist/fonts/type1/public/amsfonts/cm/cmr12.pfb></usr/share/texlive/texm
f-dist/fonts/type1/public/amsfonts/cm/cmr17.pfb></usr/share/texlive/texmf-dist/
fonts/type1/public/amsfonts/cm/cmr7.pfb></usr/share/texlive/texmf-dist/fonts/ty
pe1/public/amsfonts/cm/cmsy10.pfb></usr/share/texlive/texmf-dist/fonts/type1/pu
blic/amsfonts/cm/cmti10.pfb>
Output written on report.pdf (3 pages, 126766 bytes).
PDF statistics:
 58 PDF objects out of 1000 (max. 8388607)
 41 compressed objects within 1 object stream
 0 named destinations out of 1000 (max. 500000)
 1 words of extra memory for PDF output out of 10000 (max. 10000000)

